<testsuite errors="0" failures="0" name="com.frianbiz.TestApp" tests="1" time="0">
  <testcase name="testNothing" time="0"/>
</testsuite>